2017-12-26 02:40:35.100  INFO 2376 --- [main] strilets.LostAndFoundApplication         : Starting LostAndFoundApplication on Misha-PC with PID 2376 (D:\Job\Projects\LostAndFound\target\classes started by Misha in D:\Job\Projects\LostAndFound)
2017-12-26 02:40:35.121  INFO 2376 --- [main] strilets.LostAndFoundApplication         : No active profile set, falling back to default profiles: default
2017-12-26 02:40:35.466  INFO 2376 --- [main] ationConfigEmbeddedWebApplicationContext : Refreshing org.springframework.boot.context.embedded.AnnotationConfigEmbeddedWebApplicationContext@d0fbae: startup date [Tue Dec 26 02:40:35 EET 2017]; root of context hierarchy
2017-12-26 02:40:41.750  INFO 2376 --- [main] s.b.c.e.t.TomcatEmbeddedServletContainer : Tomcat initialized with port(s): 8080 (http)
2017-12-26 02:40:41.805  INFO 2376 --- [main] o.apache.catalina.core.StandardService   : Starting service [Tomcat]
2017-12-26 02:40:41.809  INFO 2376 --- [main] org.apache.catalina.core.StandardEngine  : Starting Servlet Engine: Apache Tomcat/8.5.16
2017-12-26 02:40:43.583  INFO 2376 --- [localhost-startStop-1] org.apache.jasper.servlet.TldScanner     : At least one JAR was scanned for TLDs yet contained no TLDs. Enable debug logging for this logger for a complete list of JARs that were scanned but no TLDs were found in them. Skipping unneeded JARs during scanning can improve startup time and JSP compilation time.
2017-12-26 02:40:43.614  INFO 2376 --- [localhost-startStop-1] o.a.c.c.C.[Tomcat].[localhost].[/]       : Initializing Spring embedded WebApplicationContext
2017-12-26 02:40:43.616  INFO 2376 --- [localhost-startStop-1] o.s.web.context.ContextLoader            : Root WebApplicationContext: initialization completed in 8175 ms
2017-12-26 02:40:44.641  INFO 2376 --- [localhost-startStop-1] o.s.b.w.servlet.FilterRegistrationBean   : Mapping filter: 'characterEncodingFilter' to: [/*]
2017-12-26 02:40:44.650  INFO 2376 --- [localhost-startStop-1] .s.DelegatingFilterProxyRegistrationBean : Mapping filter: 'springSecurityFilterChain' to: [/*]
2017-12-26 02:40:44.652  INFO 2376 --- [localhost-startStop-1] o.s.b.w.servlet.ServletRegistrationBean  : Mapping servlet: 'dispatcherServlet' to [/]
2017-12-26 02:40:45.872  INFO 2376 --- [main] o.s.j.d.DriverManagerDataSource          : Loaded JDBC driver: com.mysql.jdbc.Driver
2017-12-26 02:40:47.926  INFO 2376 --- [main] o.s.jdbc.datasource.init.ScriptUtils     : Executing SQL script from URL [file:/D:/Job/Projects/LostAndFound/target/classes/schema.sql]
2017-12-26 02:40:47.958  INFO 2376 --- [main] o.s.jdbc.datasource.init.ScriptUtils     : Executed SQL script from URL [file:/D:/Job/Projects/LostAndFound/target/classes/schema.sql] in 30 ms.
2017-12-26 02:40:49.330  INFO 2376 --- [main] org.hibernate.Version                    : HHH000412: Hibernate Core {5.0.12.Final}
2017-12-26 02:40:49.355  INFO 2376 --- [main] org.hibernate.cfg.Environment            : HHH000206: hibernate.properties not found
2017-12-26 02:40:49.366  INFO 2376 --- [main] org.hibernate.cfg.Environment            : HHH000021: Bytecode provider name : javassist
2017-12-26 02:40:49.744  INFO 2376 --- [main] o.hibernate.annotations.common.Version   : HCANN000001: Hibernate Commons Annotations {5.0.1.Final}
2017-12-26 02:40:50.653  INFO 2376 --- [main] org.hibernate.dialect.Dialect            : HHH000400: Using dialect: org.hibernate.dialect.MySQLDialect
2017-12-26 02:40:55.086  INFO 2376 --- [main] s.w.s.m.m.a.RequestMappingHandlerMapping : Mapped "{[/],methods=[GET]}" onto public java.lang.String strilets.controller.AppController.listThings(org.springframework.ui.ModelMap)
2017-12-26 02:40:55.093  INFO 2376 --- [main] s.w.s.m.m.a.RequestMappingHandlerMapping : Mapped "{[/],methods=[POST]}" onto public java.lang.String strilets.controller.AppController.searchThings(strilets.model.Search,org.springframework.ui.ModelMap)
2017-12-26 02:40:55.096  INFO 2376 --- [main] s.w.s.m.m.a.RequestMappingHandlerMapping : Mapped "{[/new],methods=[POST]}" onto public java.lang.String strilets.controller.AppController.saveThing(strilets.model.Thing,org.springframework.validation.BindingResult,org.springframework.ui.ModelMap)
2017-12-26 02:40:55.098  INFO 2376 --- [main] s.w.s.m.m.a.RequestMappingHandlerMapping : Mapped "{[/admin]}" onto public java.lang.String strilets.controller.AppController.adminLogin()
2017-12-26 02:40:55.101  INFO 2376 --- [main] s.w.s.m.m.a.RequestMappingHandlerMapping : Mapped "{[/delete-{id}-thing],methods=[GET]}" onto public java.lang.String strilets.controller.AppController.deleteThing(int)
2017-12-26 02:40:55.103  INFO 2376 --- [main] s.w.s.m.m.a.RequestMappingHandlerMapping : Mapped "{[/logout],methods=[GET]}" onto public java.lang.String strilets.controller.AppController.logoutPage(javax.servlet.http.HttpServletRequest,javax.servlet.http.HttpServletResponse,org.springframework.ui.ModelMap)
2017-12-26 02:40:55.106  INFO 2376 --- [main] s.w.s.m.m.a.RequestMappingHandlerMapping : Mapped "{[/edit-{id}-thing],methods=[GET]}" onto public java.lang.String strilets.controller.AppController.editThing(java.lang.Integer,org.springframework.ui.ModelMap)
2017-12-26 02:40:55.108  INFO 2376 --- [main] s.w.s.m.m.a.RequestMappingHandlerMapping : Mapped "{[/edit-{id}-thing],methods=[POST]}" onto public java.lang.String strilets.controller.AppController.updateThing(strilets.model.Thing,org.springframework.validation.BindingResult,org.springframework.ui.ModelMap,java.lang.Integer)
2017-12-26 02:40:55.110  INFO 2376 --- [main] s.w.s.m.m.a.RequestMappingHandlerMapping : Mapped "{[/new],methods=[GET]}" onto public java.lang.String strilets.controller.AppController.newThing(org.springframework.ui.ModelMap)
2017-12-26 02:40:55.166  INFO 2376 --- [main] s.w.s.m.m.a.RequestMappingHandlerMapping : Mapped "{[/error]}" onto public org.springframework.http.ResponseEntity<java.util.Map<java.lang.String, java.lang.Object>> org.springframework.boot.autoconfigure.web.BasicErrorController.error(javax.servlet.http.HttpServletRequest)
2017-12-26 02:40:55.169  INFO 2376 --- [main] s.w.s.m.m.a.RequestMappingHandlerMapping : Mapped "{[/error],produces=[text/html]}" onto public org.springframework.web.servlet.ModelAndView org.springframework.boot.autoconfigure.web.BasicErrorController.errorHtml(javax.servlet.http.HttpServletRequest,javax.servlet.http.HttpServletResponse)
2017-12-26 02:40:55.436  INFO 2376 --- [main] o.s.w.s.handler.SimpleUrlHandlerMapping  : Mapped URL path [/static/**] onto handler of type [class org.springframework.web.servlet.resource.ResourceHttpRequestHandler]
2017-12-26 02:40:55.689  INFO 2376 --- [main] s.w.s.m.m.a.RequestMappingHandlerAdapter : Looking for @ControllerAdvice: org.springframework.boot.context.embedded.AnnotationConfigEmbeddedWebApplicationContext@d0fbae: startup date [Tue Dec 26 02:40:35 EET 2017]; root of context hierarchy
2017-12-26 02:40:56.241  INFO 2376 --- [main] o.s.o.h.HibernateTransactionManager      : Using DataSource [org.springframework.jdbc.datasource.DriverManagerDataSource@1f3b6d6] of Hibernate SessionFactory for HibernateTransactionManager
2017-12-26 02:40:57.571  INFO 2376 --- [main] o.s.s.web.DefaultSecurityFilterChain     : Creating filter chain: org.springframework.security.web.util.matcher.AnyRequestMatcher@1, [org.springframework.security.web.context.request.async.WebAsyncManagerIntegrationFilter@8f695, org.springframework.security.web.context.SecurityContextPersistenceFilter@17f991c, org.springframework.security.web.header.HeaderWriterFilter@18dad3d, org.springframework.security.web.csrf.CsrfFilter@1a3d4b6, org.springframework.security.web.authentication.logout.LogoutFilter@148e998, org.springframework.security.web.authentication.UsernamePasswordAuthenticationFilter@17b6639, org.springframework.security.web.authentication.ui.DefaultLoginPageGeneratingFilter@105c8d6, org.springframework.security.web.savedrequest.RequestCacheAwareFilter@eee4b6, org.springframework.security.web.servletapi.SecurityContextHolderAwareRequestFilter@63762b, org.springframework.security.web.authentication.AnonymousAuthenticationFilter@16a0ea9, org.springframework.security.web.session.SessionManagementFilter@16db620, org.springframework.security.web.access.ExceptionTranslationFilter@119bc2a, org.springframework.security.web.access.intercept.FilterSecurityInterceptor@c2ce52]
2017-12-26 02:40:59.542  INFO 2376 --- [main] o.s.j.e.a.AnnotationMBeanExporter        : Registering beans for JMX exposure on startup
2017-12-26 02:40:59.945  INFO 2376 --- [main] s.b.c.e.t.TomcatEmbeddedServletContainer : Tomcat started on port(s): 8080 (http)
2017-12-26 02:40:59.967  INFO 2376 --- [main] strilets.LostAndFoundApplication         : Started LostAndFoundApplication in 26.906 seconds (JVM running for 31.962)
2017-12-26 02:41:03.640  INFO 2376 --- [http-nio-8080-exec-1] o.a.c.c.C.[Tomcat].[localhost].[/]       : Initializing Spring FrameworkServlet 'dispatcherServlet'
2017-12-26 02:41:03.642  INFO 2376 --- [http-nio-8080-exec-1] o.s.web.servlet.DispatcherServlet        : FrameworkServlet 'dispatcherServlet': initialization started
2017-12-26 02:41:03.808  INFO 2376 --- [http-nio-8080-exec-1] o.s.web.servlet.DispatcherServlet        : FrameworkServlet 'dispatcherServlet': initialization completed in 164 ms
2017-12-26 02:41:15.814  INFO 2376 --- [http-nio-8080-exec-3] strilets.dao.ThingDaoImpl                : Search thing: Search [name=, lost=true, found=false]
2017-12-26 02:42:40.952  INFO 2376 --- [http-nio-8080-exec-4] strilets.dao.ThingDaoImpl                : Save thing: Thing [id=0, name=Зошит, place=м. Рогатин, вул. Головна 3а, date=2017-12-05, phone number=1234567890, lost or found=Знайдена]
2017-12-26 02:43:30.836  INFO 2376 --- [http-nio-8080-exec-8] strilets.dao.ThingDaoImpl                : Search thing: Search [name=, lost=true, found=false]
2017-12-26 02:43:35.868  INFO 2376 --- [http-nio-8080-exec-1] strilets.dao.ThingDaoImpl                : Search thing: Search [name=, lost=false, found=false]
2017-12-26 02:43:39.783  INFO 2376 --- [http-nio-8080-exec-3] strilets.dao.ThingDaoImpl                : Search thing: Search [name=, lost=true, found=true]
2017-12-26 02:48:29.092  INFO 2376 --- [http-nio-8080-exec-10] strilets.dao.ThingDaoImpl                : Save thing: Thing [id=0, name=12345678901234567890, place=, date=, phone number=123456789012345, lost or found=Втрачена]
2017-12-26 02:48:42.909  INFO 2376 --- [http-nio-8080-exec-6] strilets.dao.ThingDaoImpl                : Save thing: Thing [id=0, name=11111111111111111111, place=, date=, phone number=962443957, lost or found=Втрачена]
2017-12-26 02:49:02.601  INFO 2376 --- [http-nio-8080-exec-2] strilets.dao.ThingDaoImpl                : Save thing: Thing [id=0, name=22'3, place=, date=, phone number=2, lost or found=Знайдена]
2017-12-26 02:49:13.231  INFO 2376 --- [http-nio-8080-exec-9] strilets.dao.ThingDaoImpl                : Save thing: Thing [id=0, name=1, place=, date=, phone number=1, lost or found=Втрачена]
2017-12-26 02:49:21.191  INFO 2376 --- [http-nio-8080-exec-5] strilets.dao.ThingDaoImpl                : Save thing: Thing [id=0, name=6, place=, date=, phone number=6, lost or found=Знайдена]
2017-12-26 02:49:29.189  INFO 2376 --- [http-nio-8080-exec-2] strilets.dao.ThingDaoImpl                : Save thing: Thing [id=0, name=5, place=, date=, phone number=5, lost or found=Втрачена]
2017-12-26 02:49:37.631  INFO 2376 --- [http-nio-8080-exec-9] strilets.dao.ThingDaoImpl                : Save thing: Thing [id=0, name=6, place=, date=, phone number=7, lost or found=Втрачена]
2017-12-26 02:56:27.841  INFO 2376 --- [RMI TCP Connection(2)-127.0.0.1] inMXBeanRegistrar$SpringApplicationAdmin : Application shutdown requested.
2017-12-26 02:56:27.843  INFO 2376 --- [RMI TCP Connection(2)-127.0.0.1] ationConfigEmbeddedWebApplicationContext : Closing org.springframework.boot.context.embedded.AnnotationConfigEmbeddedWebApplicationContext@d0fbae: startup date [Tue Dec 26 02:40:35 EET 2017]; root of context hierarchy
2017-12-26 02:56:27.899  INFO 2376 --- [RMI TCP Connection(2)-127.0.0.1] o.s.j.e.a.AnnotationMBeanExporter        : Unregistering JMX-exposed beans on shutdown
